{"/home/diagne37u/Qualit_Test/r203_base/src/tests/ex1/FizzBuzzle.ts": {"path":"/home/diagne37u/Qualit_Test/r203_base/src/tests/ex1/FizzBuzzle.ts","statementMap":{"0":{"start":{"line":3,"column":19},"end":{"line":3,"column":21}},"1":{"start":{"line":4,"column":7},"end":{"line":12,"column":9}},"2":{"start":{"line":5,"column":12},"end":{"line":5,"column":32}},"3":{"start":{"line":7,"column":13},"end":{"line":12,"column":9}},"4":{"start":{"line":8,"column":12},"end":{"line":8,"column":26}},"5":{"start":{"line":10,"column":13},"end":{"line":12,"column":9}},"6":{"start":{"line":11,"column":12},"end":{"line":11,"column":27}},"7":{"start":{"line":14,"column":6},"end":{"line":14,"column":22}}},"fnMap":{"0":{"name":"getfizzBuzzle","decl":{"start":{"line":2,"column":16},"end":{"line":2,"column":29}},"loc":{"start":{"line":2,"column":49},"end":{"line":15,"column":5}},"line":2}},"branchMap":{"0":{"loc":{"start":{"line":4,"column":7},"end":{"line":12,"column":9}},"type":"if","locations":[{"start":{"line":4,"column":7},"end":{"line":12,"column":9}},{"start":{"line":7,"column":13},"end":{"line":12,"column":9}}],"line":4},"1":{"loc":{"start":{"line":4,"column":11},"end":{"line":4,"column":37}},"type":"binary-expr","locations":[{"start":{"line":4,"column":11},"end":{"line":4,"column":22}},{"start":{"line":4,"column":26},"end":{"line":4,"column":37}}],"line":4},"2":{"loc":{"start":{"line":7,"column":13},"end":{"line":12,"column":9}},"type":"if","locations":[{"start":{"line":7,"column":13},"end":{"line":12,"column":9}},{"start":{"line":10,"column":13},"end":{"line":12,"column":9}}],"line":7},"3":{"loc":{"start":{"line":10,"column":13},"end":{"line":12,"column":9}},"type":"if","locations":[{"start":{"line":10,"column":13},"end":{"line":12,"column":9}},{"start":{},"end":{}}],"line":10}},"s":{"0":4,"1":4,"2":1,"3":3,"4":1,"5":2,"6":1,"7":1},"f":{"0":4},"b":{"0":[1,3],"1":[4,2],"2":[1,2],"3":[1,1]},"_coverageSchema":"1a1c01bbd47fc00a2c39e90264f33305004495a9","hash":"572ddaf77b56c460255887e474d8c4c2e6e956ee"}
}
